<?xml version="1.0" encoding="UTF-8"?>
<testng-results ignored="0" total="5" passed="5" failed="0" skipped="0">
  <reporter-output>
  </reporter-output>
  <suite started-at="2025-04-30T12:30:31 IST" name="Default suite" finished-at="2025-04-30T12:30:50 IST" duration-ms="19217">
    <groups>
      <group name="cucumber">
        <method signature="AbstractTestNGCucumberTests.runScenario(io.cucumber.testng.PickleWrapper,io.cucumber.testng.FeatureWrapper)[pri:0, instance:com.automateQA.runner.RunnerClass@59505b48]" name="runScenario" class="io.cucumber.testng.AbstractTestNGCucumberTests"/>
      </group> <!-- cucumber -->
    </groups>
    <test started-at="2025-04-30T12:30:31 IST" name="Default test" finished-at="2025-04-30T12:30:50 IST" duration-ms="19217">
      <class name="com.automateQA.runner.RunnerClass">
        <test-method is-config="true" signature="setUpClass()[pri:0, instance:com.automateQA.runner.RunnerClass@59505b48]" started-at="2025-04-30T12:30:31 IST" name="setUpClass" finished-at="2025-04-30T12:30:31 IST" duration-ms="366" status="PASS">
          <reporter-output>
          </reporter-output>
        </test-method> <!-- setUpClass -->
        <test-method signature="runScenario(io.cucumber.testng.PickleWrapper,io.cucumber.testng.FeatureWrapper)[pri:0, instance:com.automateQA.runner.RunnerClass@59505b48]" started-at="2025-04-30T12:30:31 IST" name="runScenario" description="Runs Cucumber Scenarios" data-provider="scenarios" finished-at="2025-04-30T12:30:46 IST" duration-ms="14926" status="PASS">
          <params>
            <param index="0">
              <value>
                <![CDATA["Check login for correct details"]]>
              </value>
            </param>
            <param index="1">
              <value>
                <![CDATA["Optional[Login into awesomeqa application]"]]>
              </value>
            </param>
          </params>
          <reporter-output>
          </reporter-output>
        </test-method> <!-- runScenario -->
        <test-method signature="runScenario(io.cucumber.testng.PickleWrapper,io.cucumber.testng.FeatureWrapper)[pri:0, instance:com.automateQA.runner.RunnerClass@59505b48]" started-at="2025-04-30T12:30:46 IST" name="runScenario" description="Runs Cucumber Scenarios" data-provider="scenarios" finished-at="2025-04-30T12:30:47 IST" duration-ms="898" status="PASS">
          <params>
            <param index="0">
              <value>
                <![CDATA["Check head text is there"]]>
              </value>
            </param>
            <param index="1">
              <value>
                <![CDATA["Optional[Extract info from home page]"]]>
              </value>
            </param>
          </params>
          <reporter-output>
          </reporter-output>
        </test-method> <!-- runScenario -->
        <test-method signature="runScenario(io.cucumber.testng.PickleWrapper,io.cucumber.testng.FeatureWrapper)[pri:0, instance:com.automateQA.runner.RunnerClass@59505b48]" started-at="2025-04-30T12:30:47 IST" name="runScenario" description="Runs Cucumber Scenarios" data-provider="scenarios" finished-at="2025-04-30T12:30:48 IST" duration-ms="1211" status="PASS">
          <params>
            <param index="0">
              <value>
                <![CDATA["Edit into account settings"]]>
              </value>
            </param>
            <param index="1">
              <value>
                <![CDATA["Optional[Edit into account settings]"]]>
              </value>
            </param>
          </params>
          <reporter-output>
          </reporter-output>
        </test-method> <!-- runScenario -->
        <test-method signature="runScenario(io.cucumber.testng.PickleWrapper,io.cucumber.testng.FeatureWrapper)[pri:0, instance:com.automateQA.runner.RunnerClass@59505b48]" started-at="2025-04-30T12:30:48 IST" name="runScenario" description="Runs Cucumber Scenarios" data-provider="scenarios" finished-at="2025-04-30T12:30:49 IST" duration-ms="621" status="PASS">
          <params>
            <param index="0">
              <value>
                <![CDATA["Edit into account settings"]]>
              </value>
            </param>
            <param index="1">
              <value>
                <![CDATA["Optional[Edit into account settings]"]]>
              </value>
            </param>
          </params>
          <reporter-output>
          </reporter-output>
        </test-method> <!-- runScenario -->
        <test-method signature="runScenario(io.cucumber.testng.PickleWrapper,io.cucumber.testng.FeatureWrapper)[pri:0, instance:com.automateQA.runner.RunnerClass@59505b48]" started-at="2025-04-30T12:30:49 IST" name="runScenario" description="Runs Cucumber Scenarios" data-provider="scenarios" finished-at="2025-04-30T12:30:50 IST" duration-ms="1107" status="PASS">
          <params>
            <param index="0">
              <value>
                <![CDATA["Edit into account settings"]]>
              </value>
            </param>
            <param index="1">
              <value>
                <![CDATA["Optional[Edit into account settings]"]]>
              </value>
            </param>
          </params>
          <reporter-output>
          </reporter-output>
        </test-method> <!-- runScenario -->
        <test-method is-config="true" signature="tearDownClass()[pri:0, instance:com.automateQA.runner.RunnerClass@59505b48]" started-at="2025-04-30T12:30:50 IST" name="tearDownClass" finished-at="2025-04-30T12:30:50 IST" duration-ms="21" status="PASS">
          <reporter-output>
          </reporter-output>
        </test-method> <!-- tearDownClass -->
      </class> <!-- com.automateQA.runner.RunnerClass -->
    </test> <!-- Default test -->
  </suite> <!-- Default suite -->
</testng-results>
